<?xml version="1.0" encoding="UTF-8"?>
<testng-results ignored="0" total="1" passed="1" failed="0" skipped="0">
  <reporter-output>
  </reporter-output>
  <suite started-at="2024-10-02T16:47:59 IST" name="Default suite" finished-at="2024-10-02T16:48:07 IST" duration-ms="8142">
    <groups>
    </groups>
    <test started-at="2024-10-02T16:47:59 IST" name="Default test" finished-at="2024-10-02T16:48:07 IST" duration-ms="8142">
      <class name="demo.Sample">
        <test-method signature="visitBrowserTest()[pri:0, instance:demo.Sample@26e356f0]" started-at="2024-10-02T16:47:59 IST" name="visitBrowserTest" finished-at="2024-10-02T16:48:07 IST" duration-ms="8080" status="PASS">
          <reporter-output>
          </reporter-output>
        </test-method> <!-- visitBrowserTest -->
      </class> <!-- demo.Sample -->
    </test> <!-- Default test -->
  </suite> <!-- Default suite -->
</testng-results>
